<?xml version="1.0" encoding="UTF-8"?>
<robot generator="Robot 3.2.1 (Python 3.8.2 on darwin)" generated="20200922 16:16:04.607" rpa="false">
<suite id="s1" name="SMK 02 Contact Tracing Agent" source="/Users/swapnapanthangi/Robot_Automation_Test/TestSuite/SmokeTest/SMK_02_Contact_Tracing_Agent.robot">
<test id="s1-t1" name="Given Agent Logs in">
<kw name="Open Login Page" library="AgentLogin">
<kw name="Evaluate" library="BuiltIn">
<doc>Evaluates the given expression in Python and returns the result.</doc>
<arguments>
<arg>sys.modules['selenium.webdriver.chrome.options'].Options()</arg>
<arg>sys</arg>
</arguments>
<assign>
<var>${options}</var>
</assign>
<msg timestamp="20200922 16:16:04.880" level="INFO">${options} = &lt;selenium.webdriver.chrome.options.Options object at 0x10bf2fdc0&gt;</msg>
<status status="PASS" starttime="20200922 16:16:04.880" endtime="20200922 16:16:04.880"></status>
</kw>
<kw name="Call Method" library="BuiltIn">
<doc>Calls the named method of the given object with the provided arguments.</doc>
<arguments>
<arg>${options}</arg>
<arg>add_argument</arg>
<arg>--disable-notifications</arg>
</arguments>
<status status="PASS" starttime="20200922 16:16:04.880" endtime="20200922 16:16:04.881"></status>
</kw>
<kw name="Open Browser" library="SeleniumLibrary">
<doc>Opens a new browser instance to the optional ``url``.</doc>
<arguments>
<arg>${SITEURL}</arg>
<arg>${browser}</arg>
<arg>options=${options}</arg>
</arguments>
<msg timestamp="20200922 16:16:04.881" level="INFO">Opening browser 'chrome' to base url 'https://nhs--nhstest.my.salesforce.com/'.</msg>
<status status="PASS" starttime="20200922 16:16:04.881" endtime="20200922 16:16:09.217"></status>
</kw>
<kw name="Input Text" library="SeleniumLibrary">
<doc>Types the given ``text`` into the text field identified by ``locator``.</doc>
<arguments>
<arg>id:username</arg>
<arg>${Username}</arg>
</arguments>
<msg timestamp="20200922 16:16:09.218" level="INFO">Typing text 'swapna.panthangi-cic-uk@ibm.com.nhstest' into text field 'id:username'.</msg>
<status status="PASS" starttime="20200922 16:16:09.217" endtime="20200922 16:16:09.352"></status>
</kw>
<kw name="Input Text" library="SeleniumLibrary">
<doc>Types the given ``text`` into the text field identified by ``locator``.</doc>
<arguments>
<arg>id:password</arg>
<arg>${Password}</arg>
</arguments>
<msg timestamp="20200922 16:16:09.353" level="INFO">Typing text 'Nhs@061990' into text field 'id:password'.</msg>
<status status="PASS" starttime="20200922 16:16:09.353" endtime="20200922 16:16:09.441"></status>
</kw>
<kw name="Click Element" library="SeleniumLibrary">
<doc>Click the element identified by ``locator``.</doc>
<arguments>
<arg>id:Login</arg>
<arg>${ClickLogin}</arg>
</arguments>
<msg timestamp="20200922 16:16:09.442" level="INFO">Clicking element 'id:Login'.</msg>
<status status="PASS" starttime="20200922 16:16:09.442" endtime="20200922 16:16:11.341"></status>
</kw>
<kw name="Set Browser Implicit Wait" library="SeleniumLibrary">
<doc>Sets the implicit wait value used by Selenium.</doc>
<arguments>
<arg>15s</arg>
</arguments>
<status status="PASS" starttime="20200922 16:16:11.341" endtime="20200922 16:16:11.342"></status>
</kw>
<kw name="Get Title" library="SeleniumLibrary">
<doc>Returns the title of the current page.</doc>
<assign>
<var>${Title}</var>
</assign>
<msg timestamp="20200922 16:16:14.540" level="INFO">${Title} = Lightning Experience</msg>
<status status="PASS" starttime="20200922 16:16:11.342" endtime="20200922 16:16:14.540"></status>
</kw>
<kw name="Get Location" library="SeleniumLibrary">
<doc>Returns the current browser window URL.</doc>
<assign>
<var>${new_url}</var>
</assign>
<msg timestamp="20200922 16:16:14.544" level="INFO">${new_url} = https://nhs--nhstest.lightning.force.com/one/one.app</msg>
<status status="PASS" starttime="20200922 16:16:14.540" endtime="20200922 16:16:14.544"></status>
</kw>
<status status="PASS" starttime="20200922 16:16:04.879" endtime="20200922 16:16:14.544"></status>
</kw>
<kw name="Maximize Browser Window" library="SeleniumLibrary">
<doc>Maximizes current browser window.</doc>
<status status="PASS" starttime="20200922 16:16:14.544" endtime="20200922 16:16:15.137"></status>
</kw>
<status status="PASS" starttime="20200922 16:16:04.879" endtime="20200922 16:16:15.138" critical="yes"></status>
</test>
<test id="s1-t2" name="When Click on Start contact Tracing">
<kw name="Dropdown Menu Selection" library="AgentLogin">
<kw name="Click Element" library="SeleniumLibrary">
<doc>Click the element identified by ``locator``.</doc>
<arguments>
<arg>${DropdownMenu}</arg>
</arguments>
<msg timestamp="20200922 16:16:15.140" level="INFO">Clicking element 'xpath://button[@title='Show Navigation Menu']'.</msg>
<status status="PASS" starttime="20200922 16:16:15.140" endtime="20200922 16:16:15.198"></status>
</kw>
<status status="PASS" starttime="20200922 16:16:15.139" endtime="20200922 16:16:15.199"></status>
</kw>
<kw name="Start contact Tracing" library="TestDependencies_cases">
<kw name="Click Element" library="SeleniumLibrary">
<doc>Click the element identified by ``locator``.</doc>
<arguments>
<arg>${Clickdropdown}</arg>
</arguments>
<msg timestamp="20200922 16:16:15.200" level="INFO">Clicking element 'xpath: //button[@title='Show Navigation Menu']'.</msg>
<status status="PASS" starttime="20200922 16:16:15.200" endtime="20200922 16:16:15.366"></status>
</kw>
<kw name="Click Element" library="SeleniumLibrary">
<doc>Click the element identified by ``locator``.</doc>
<arguments>
<arg>${CaseSearch}</arg>
</arguments>
<msg timestamp="20200922 16:16:15.366" level="INFO">Clicking element 'xpath://input[contains(@name,'Case-search-input')]'.</msg>
<status status="PASS" starttime="20200922 16:16:15.366" endtime="20200922 16:16:18.473"></status>
</kw>
<kw name="Input Text" library="SeleniumLibrary">
<doc>Types the given ``text`` into the text field identified by ``locator``.</doc>
<arguments>
<arg>${CaseSearch}</arg>
<arg>${caseNumber}</arg>
</arguments>
<msg timestamp="20200922 16:16:18.473" level="INFO">Typing text '00002714' into text field 'xpath://input[contains(@name,'Case-search-input')]'.</msg>
<status status="PASS" starttime="20200922 16:16:18.473" endtime="20200922 16:16:19.040"></status>
</kw>
<kw name="Click Element" library="SeleniumLibrary">
<doc>Click the element identified by ``locator``.</doc>
<arguments>
<arg>${SelectCaseNumber}</arg>
</arguments>
<msg timestamp="20200922 16:16:19.040" level="INFO">Clicking element 'xpath://a[contains(@title, '00002714')]'.</msg>
<status status="PASS" starttime="20200922 16:16:19.040" endtime="20200922 16:16:19.439"></status>
</kw>
<kw name="Wait Until Page Contains Element" library="SeleniumLibrary">
<doc>Waits until the element ``locator`` appears on the current page.</doc>
<arguments>
<arg>${ClickContactTracingtab}</arg>
<arg>15s</arg>
</arguments>
<status status="PASS" starttime="20200922 16:16:19.439" endtime="20200922 16:16:19.477"></status>
</kw>
<kw name="Click Element" library="SeleniumLibrary">
<doc>Click the element identified by ``locator``.</doc>
<arguments>
<arg>${ClickContactTracingtab}</arg>
</arguments>
<msg timestamp="20200922 16:16:19.477" level="INFO">Clicking element 'xpath://li[contains(@title, 'Start Contact Tracing')]'.</msg>
<status status="PASS" starttime="20200922 16:16:19.477" endtime="20200922 16:16:19.939"></status>
</kw>
<kw name="Sleep" library="BuiltIn">
<doc>Pauses the test executed for the given time.</doc>
<arguments>
<arg>4s</arg>
</arguments>
<msg timestamp="20200922 16:16:23.940" level="INFO">Slept 4 seconds</msg>
<status status="PASS" starttime="20200922 16:16:19.939" endtime="20200922 16:16:23.940"></status>
</kw>
<kw name="Click Element" library="SeleniumLibrary">
<doc>Click the element identified by ``locator``.</doc>
<arguments>
<arg>${ClickFeedtab}</arg>
</arguments>
<msg timestamp="20200922 16:16:23.940" level="INFO">Clicking element 'xpath://li[contains(@title, 'Feed')]'.</msg>
<status status="PASS" starttime="20200922 16:16:23.940" endtime="20200922 16:16:24.009"></status>
</kw>
<kw name="Scroll Element Into View" library="SeleniumLibrary">
<doc>Scrolls the element identified by ``locator`` into view.</doc>
<arguments>
<arg>${MiddleWindow}</arg>
</arguments>
<kw name="Capture Page Screenshot" library="SeleniumLibrary">
<doc>Takes a screenshot of the current page and embeds it into a log file.</doc>
<msg timestamp="20200922 16:16:24.678" level="INFO" html="yes">&lt;/td&gt;&lt;/tr&gt;&lt;tr&gt;&lt;td colspan="3"&gt;&lt;a href="selenium-screenshot-32.png"&gt;&lt;img src="selenium-screenshot-32.png" width="800px"&gt;&lt;/a&gt;</msg>
<status status="PASS" starttime="20200922 16:16:24.029" endtime="20200922 16:16:24.678"></status>
</kw>
<msg timestamp="20200922 16:16:24.686" level="FAIL">InvalidSelectorException: Message: invalid selector: Unable to locate an element with the xpath expression //flexipage-component2[contains(@data-component-id, 'flexipage_tabset') because of the following error:
SyntaxError: Failed to execute 'evaluate' on 'Document': The string '//flexipage-component2[contains(@data-component-id, 'flexipage_tabset')' is not a valid XPath expression.
  (Session info: chrome=85.0.4183.102)
</msg>
<status status="FAIL" starttime="20200922 16:16:24.009" endtime="20200922 16:16:24.686"></status>
</kw>
<status status="FAIL" starttime="20200922 16:16:15.199" endtime="20200922 16:16:24.686"></status>
</kw>
<status status="FAIL" starttime="20200922 16:16:15.139" endtime="20200922 16:16:24.687" critical="yes">InvalidSelectorException: Message: invalid selector: Unable to locate an element with the xpath expression //flexipage-component2[contains(@data-component-id, 'flexipage_tabset') because of the following error:
SyntaxError: Failed to execute 'evaluate' on 'Document': The string '//flexipage-component2[contains(@data-component-id, 'flexipage_tabset')' is not a valid XPath expression.
  (Session info: chrome=85.0.4183.102)
</status>
</test>
<test id="s1-t3" name="Then Agent Logs out">
<kw name="Agent Logout" library="Logout">
<kw name="Wait Until Element Is Enabled" library="SeleniumLibrary">
<doc>Waits until the element ``locator`` is enabled.</doc>
<arguments>
<arg>${clickprofile}</arg>
<arg>10s</arg>
</arguments>
<status status="PASS" starttime="20200922 16:16:24.688" endtime="20200922 16:16:24.715"></status>
</kw>
<kw name="Click Element" library="SeleniumLibrary">
<doc>Click the element identified by ``locator``.</doc>
<arguments>
<arg>${clickprofile}</arg>
</arguments>
<msg timestamp="20200922 16:16:24.716" level="INFO">Clicking element 'xpath://span[contains(@class,'uiImage')]'.</msg>
<status status="PASS" starttime="20200922 16:16:24.715" endtime="20200922 16:16:24.794"></status>
</kw>
<kw name="Click Element" library="SeleniumLibrary">
<doc>Click the element identified by ``locator``.</doc>
<arguments>
<arg>${ClickLogout}</arg>
</arguments>
<msg timestamp="20200922 16:16:24.794" level="INFO">Clicking element 'xpath://a[contains(@class,'profile-link-label logout uiOutputURL')]'.</msg>
<status status="PASS" starttime="20200922 16:16:24.794" endtime="20200922 16:16:25.138"></status>
</kw>
<status status="PASS" starttime="20200922 16:16:24.688" endtime="20200922 16:16:25.138"></status>
</kw>
<status status="PASS" starttime="20200922 16:16:24.687" endtime="20200922 16:16:25.139" critical="yes"></status>
</test>
<test id="s1-t4" name="[Teardown]">
<kw name="Close Window" library="SeleniumLibrary">
<doc>Closes currently opened and selected browser window/tab.</doc>
<status status="PASS" starttime="20200922 16:16:25.140" endtime="20200922 16:16:25.409"></status>
</kw>
<status status="PASS" starttime="20200922 16:16:25.139" endtime="20200922 16:16:25.409" critical="yes"></status>
</test>
<status status="FAIL" starttime="20200922 16:16:04.608" endtime="20200922 16:16:25.410"></status>
</suite>
<statistics>
<total>
<stat pass="3" fail="1">Critical Tests</stat>
<stat pass="3" fail="1">All Tests</stat>
</total>
<tag>
</tag>
<suite>
<stat pass="3" fail="1" id="s1" name="SMK 02 Contact Tracing Agent">SMK 02 Contact Tracing Agent</stat>
</suite>
</statistics>
<errors>
</errors>
</robot>
