<?xml version="1.0" encoding="UTF-8"?>
<robot generator="Robot 3.2.1 (Python 3.8.2 on darwin)" generated="20200918 11:33:01.918" rpa="false">
<suite id="s1" name="SMK 02 Contact Tracing Agent &amp; SMK 03 Clinical Assessment Agent &amp; SMK 04 New Household Member Agent &amp; SMK 05 New Encounter Agent">
<suite id="s1-s1" name="SMK 02 Contact Tracing Agent" source="/Users/swapnapanthangi/Robot_Automation_Test/TestSuite/SmokeTest/SMK_02_Contact_Tracing_Agent.robot">
<test id="s1-s1-t1" name="Given Agent Logs in">
<kw name="Open Login Page" library="AgentLogin">
<kw name="Evaluate" library="BuiltIn">
<doc>Evaluates the given expression in Python and returns the result.</doc>
<arguments>
<arg>sys.modules['selenium.webdriver.chrome.options'].Options()</arg>
<arg>sys</arg>
</arguments>
<assign>
<var>${options}</var>
</assign>
<msg timestamp="20200918 11:33:02.252" level="INFO">${options} = &lt;selenium.webdriver.chrome.options.Options object at 0x109e2e9d0&gt;</msg>
<status status="PASS" starttime="20200918 11:33:02.252" endtime="20200918 11:33:02.252"></status>
</kw>
<kw name="Call Method" library="BuiltIn">
<doc>Calls the named method of the given object with the provided arguments.</doc>
<arguments>
<arg>${options}</arg>
<arg>add_argument</arg>
<arg>--disable-notifications</arg>
</arguments>
<status status="PASS" starttime="20200918 11:33:02.252" endtime="20200918 11:33:02.252"></status>
</kw>
<kw name="Open Browser" library="SeleniumLibrary">
<doc>Opens a new browser instance to the optional ``url``.</doc>
<arguments>
<arg>${SITEURL}</arg>
<arg>${browser}</arg>
<arg>options=${options}</arg>
</arguments>
<msg timestamp="20200918 11:33:02.253" level="INFO">Opening browser 'chrome' to base url 'https://nhs--nhstest.my.salesforce.com/'.</msg>
<status status="PASS" starttime="20200918 11:33:02.253" endtime="20200918 11:33:06.938"></status>
</kw>
<kw name="Input Text" library="SeleniumLibrary">
<doc>Types the given ``text`` into the text field identified by ``locator``.</doc>
<arguments>
<arg>id:username</arg>
<arg>${Username}</arg>
</arguments>
<msg timestamp="20200918 11:33:06.939" level="INFO">Typing text 'swapna.panthangi-cic-uk@ibm.com.nhstest' into text field 'id:username'.</msg>
<status status="PASS" starttime="20200918 11:33:06.939" endtime="20200918 11:33:07.280"></status>
</kw>
<kw name="Input Text" library="SeleniumLibrary">
<doc>Types the given ``text`` into the text field identified by ``locator``.</doc>
<arguments>
<arg>id:password</arg>
<arg>${Password}</arg>
</arguments>
<msg timestamp="20200918 11:33:07.281" level="INFO">Typing text 'Nhs@061990' into text field 'id:password'.</msg>
<status status="PASS" starttime="20200918 11:33:07.280" endtime="20200918 11:33:07.411"></status>
</kw>
<kw name="Click Element" library="SeleniumLibrary">
<doc>Click the element identified by ``locator``.</doc>
<arguments>
<arg>id:Login</arg>
<arg>${ClickLogin}</arg>
</arguments>
<msg timestamp="20200918 11:33:07.412" level="INFO">Clicking element 'id:Login'.</msg>
<status status="PASS" starttime="20200918 11:33:07.411" endtime="20200918 11:33:12.916"></status>
</kw>
<kw name="Set Browser Implicit Wait" library="SeleniumLibrary">
<doc>Sets the implicit wait value used by Selenium.</doc>
<arguments>
<arg>15s</arg>
</arguments>
<status status="PASS" starttime="20200918 11:33:12.917" endtime="20200918 11:33:12.919"></status>
</kw>
<kw name="Get Title" library="SeleniumLibrary">
<doc>Returns the title of the current page.</doc>
<assign>
<var>${Title}</var>
</assign>
<msg timestamp="20200918 11:33:12.924" level="INFO">${Title} = Lightning Experience</msg>
<status status="PASS" starttime="20200918 11:33:12.919" endtime="20200918 11:33:12.924"></status>
</kw>
<kw name="Get Location" library="SeleniumLibrary">
<doc>Returns the current browser window URL.</doc>
<assign>
<var>${new_url}</var>
</assign>
<msg timestamp="20200918 11:33:12.928" level="INFO">${new_url} = https://nhs--nhstest.lightning.force.com/one/one.app</msg>
<status status="PASS" starttime="20200918 11:33:12.924" endtime="20200918 11:33:12.928"></status>
</kw>
<status status="PASS" starttime="20200918 11:33:02.251" endtime="20200918 11:33:12.928"></status>
</kw>
<kw name="Maximize Browser Window" library="SeleniumLibrary">
<doc>Maximizes current browser window.</doc>
<status status="PASS" starttime="20200918 11:33:12.928" endtime="20200918 11:33:13.428"></status>
</kw>
<status status="PASS" starttime="20200918 11:33:02.250" endtime="20200918 11:33:13.428" critical="yes"></status>
</test>
<test id="s1-s1-t2" name="When Click on Start contact Tracing">
<kw name="Dropdown Menu Selection" library="AgentLogin">
<kw name="Click Element" library="SeleniumLibrary">
<doc>Click the element identified by ``locator``.</doc>
<arguments>
<arg>${DropdownMenu}</arg>
</arguments>
<msg timestamp="20200918 11:33:13.430" level="INFO">Clicking element 'xpath://button[@title='Show Navigation Menu']'.</msg>
<status status="PASS" starttime="20200918 11:33:13.430" endtime="20200918 11:33:13.513"></status>
</kw>
<status status="PASS" starttime="20200918 11:33:13.430" endtime="20200918 11:33:13.513"></status>
</kw>
<kw name="Start contact Tracing" library="TestDependencies_cases">
<kw name="Click Element" library="SeleniumLibrary">
<doc>Click the element identified by ``locator``.</doc>
<arguments>
<arg>${Clickdropdown}</arg>
</arguments>
<msg timestamp="20200918 11:33:13.515" level="INFO">Clicking element 'xpath: //button[@title='Show Navigation Menu']'.</msg>
<status status="PASS" starttime="20200918 11:33:13.514" endtime="20200918 11:33:13.565"></status>
</kw>
<kw name="Click Element" library="SeleniumLibrary">
<doc>Click the element identified by ``locator``.</doc>
<arguments>
<arg>${CaseSearch}</arg>
</arguments>
<msg timestamp="20200918 11:33:13.566" level="INFO">Clicking element 'xpath://input[contains(@name,'Case-search-input')]'.</msg>
<status status="PASS" starttime="20200918 11:33:13.565" endtime="20200918 11:33:19.158"></status>
</kw>
<kw name="Input Text" library="SeleniumLibrary">
<doc>Types the given ``text`` into the text field identified by ``locator``.</doc>
<arguments>
<arg>${CaseSearch}</arg>
<arg>${caseNumber}</arg>
</arguments>
<msg timestamp="20200918 11:33:19.158" level="INFO">Typing text '00002714' into text field 'xpath://input[contains(@name,'Case-search-input')]'.</msg>
<status status="PASS" starttime="20200918 11:33:19.158" endtime="20200918 11:33:19.317"></status>
</kw>
<kw name="Click Element" library="SeleniumLibrary">
<doc>Click the element identified by ``locator``.</doc>
<arguments>
<arg>${SelectCaseNumber}</arg>
</arguments>
<msg timestamp="20200918 11:33:19.318" level="INFO">Clicking element 'xpath://a[contains(@title, '00002714')]'.</msg>
<status status="PASS" starttime="20200918 11:33:19.318" endtime="20200918 11:33:20.507"></status>
</kw>
<kw name="Wait Until Page Contains Element" library="SeleniumLibrary">
<doc>Waits until the element ``locator`` appears on the current page.</doc>
<arguments>
<arg>${ClickContactTracingtab}</arg>
<arg>15s</arg>
</arguments>
<status status="PASS" starttime="20200918 11:33:20.507" endtime="20200918 11:33:20.545"></status>
</kw>
<kw name="Click Element" library="SeleniumLibrary">
<doc>Click the element identified by ``locator``.</doc>
<arguments>
<arg>${ClickContactTracingtab}</arg>
</arguments>
<msg timestamp="20200918 11:33:20.546" level="INFO">Clicking element 'xpath://li[contains(@title, 'Start Contact Tracing')]'.</msg>
<status status="PASS" starttime="20200918 11:33:20.545" endtime="20200918 11:33:20.949"></status>
</kw>
<kw name="Sleep" library="BuiltIn">
<doc>Pauses the test executed for the given time.</doc>
<arguments>
<arg>4s</arg>
</arguments>
<msg timestamp="20200918 11:33:24.950" level="INFO">Slept 4 seconds</msg>
<status status="PASS" starttime="20200918 11:33:20.949" endtime="20200918 11:33:24.950"></status>
</kw>
<kw name="Click Element" library="SeleniumLibrary">
<doc>Click the element identified by ``locator``.</doc>
<arguments>
<arg>${ClickFeedtab}</arg>
</arguments>
<msg timestamp="20200918 11:33:24.950" level="INFO">Clicking element 'xpath://li[contains(@title, 'Feed')]'.</msg>
<status status="PASS" starttime="20200918 11:33:24.950" endtime="20200918 11:33:25.026"></status>
</kw>
<kw name="Sleep" library="BuiltIn">
<doc>Pauses the test executed for the given time.</doc>
<arguments>
<arg>4s</arg>
</arguments>
<msg timestamp="20200918 11:33:29.029" level="INFO">Slept 4 seconds</msg>
<status status="PASS" starttime="20200918 11:33:25.026" endtime="20200918 11:33:29.029"></status>
</kw>
<kw name="Click Element" library="SeleniumLibrary">
<doc>Click the element identified by ``locator``.</doc>
<arguments>
<arg>${ClickDetailstab}</arg>
</arguments>
<msg timestamp="20200918 11:33:29.029" level="INFO">Clicking element 'xpath://li[contains(@title, 'Details')]'.</msg>
<status status="PASS" starttime="20200918 11:33:29.029" endtime="20200918 11:33:29.148"></status>
</kw>
<kw name="Sleep" library="BuiltIn">
<doc>Pauses the test executed for the given time.</doc>
<arguments>
<arg>4s</arg>
</arguments>
<msg timestamp="20200918 11:33:33.149" level="INFO">Slept 4 seconds</msg>
<status status="PASS" starttime="20200918 11:33:29.149" endtime="20200918 11:33:33.150"></status>
</kw>
<kw name="Click Element" library="SeleniumLibrary">
<doc>Click the element identified by ``locator``.</doc>
<arguments>
<arg>${CloseCase}</arg>
</arguments>
<msg timestamp="20200918 11:33:33.150" level="INFO">Clicking element 'xpath://button[contains(@title,'Close 00002714')]'.</msg>
<status status="PASS" starttime="20200918 11:33:33.150" endtime="20200918 11:33:33.241"></status>
</kw>
<status status="PASS" starttime="20200918 11:33:13.514" endtime="20200918 11:33:33.241"></status>
</kw>
<status status="PASS" starttime="20200918 11:33:13.429" endtime="20200918 11:33:33.242" critical="yes"></status>
</test>
<test id="s1-s1-t3" name="Then Agent Logs out">
<kw name="Agent Logout" library="Logout">
<kw name="Wait Until Element Is Enabled" library="SeleniumLibrary">
<doc>Waits until the element ``locator`` is enabled.</doc>
<arguments>
<arg>${clickprofile}</arg>
<arg>10s</arg>
</arguments>
<status status="PASS" starttime="20200918 11:33:33.243" endtime="20200918 11:33:33.273"></status>
</kw>
<kw name="Click Element" library="SeleniumLibrary">
<doc>Click the element identified by ``locator``.</doc>
<arguments>
<arg>${clickprofile}</arg>
</arguments>
<msg timestamp="20200918 11:33:33.273" level="INFO">Clicking element 'xpath://span[contains(@class,'uiImage')]'.</msg>
<status status="PASS" starttime="20200918 11:33:33.273" endtime="20200918 11:33:33.367"></status>
</kw>
<kw name="Click Element" library="SeleniumLibrary">
<doc>Click the element identified by ``locator``.</doc>
<arguments>
<arg>${ClickLogout}</arg>
</arguments>
<msg timestamp="20200918 11:33:33.367" level="INFO">Clicking element 'xpath://a[contains(@class,'profile-link-label logout uiOutputURL')]'.</msg>
<status status="PASS" starttime="20200918 11:33:33.367" endtime="20200918 11:33:33.848"></status>
</kw>
<status status="PASS" starttime="20200918 11:33:33.243" endtime="20200918 11:33:33.849"></status>
</kw>
<status status="PASS" starttime="20200918 11:33:33.242" endtime="20200918 11:33:33.849" critical="yes"></status>
</test>
<test id="s1-s1-t4" name="[Teardown]">
<kw name="Close Window" library="SeleniumLibrary">
<doc>Closes currently opened and selected browser window/tab.</doc>
<status status="PASS" starttime="20200918 11:33:33.850" endtime="20200918 11:33:34.167"></status>
</kw>
<status status="PASS" starttime="20200918 11:33:33.849" endtime="20200918 11:33:34.168" critical="yes"></status>
</test>
<status status="PASS" starttime="20200918 11:33:01.947" endtime="20200918 11:33:34.170"></status>
</suite>
<suite id="s1-s2" name="SMK 03 Clinical Assessment Agent" source="/Users/swapnapanthangi/Robot_Automation_Test/TestSuite/SmokeTest/SMK_03_Clinical_Assessment_Agent.robot">
<test id="s1-s2-t1" name="Given Agent Logs in">
<kw name="Open Login Page" library="AgentAccountLogin">
<kw name="Evaluate" library="BuiltIn">
<doc>Evaluates the given expression in Python and returns the result.</doc>
<arguments>
<arg>sys.modules['selenium.webdriver.chrome.options'].Options()</arg>
<arg>sys</arg>
</arguments>
<assign>
<var>${options}</var>
</assign>
<msg timestamp="20200918 11:33:34.198" level="INFO">${options} = &lt;selenium.webdriver.chrome.options.Options object at 0x109ee7e50&gt;</msg>
<status status="PASS" starttime="20200918 11:33:34.197" endtime="20200918 11:33:34.198"></status>
</kw>
<kw name="Call Method" library="BuiltIn">
<doc>Calls the named method of the given object with the provided arguments.</doc>
<arguments>
<arg>${options}</arg>
<arg>add_argument</arg>
<arg>--disable-notifications</arg>
</arguments>
<status status="PASS" starttime="20200918 11:33:34.198" endtime="20200918 11:33:34.199"></status>
</kw>
<kw name="Open Browser" library="SeleniumLibrary">
<doc>Opens a new browser instance to the optional ``url``.</doc>
<arguments>
<arg>${SITEURL}</arg>
<arg>${browser}</arg>
<arg>options=${options}</arg>
</arguments>
<msg timestamp="20200918 11:33:34.200" level="INFO">Opening browser 'chrome' to base url 'https://nhs--nhstest.my.salesforce.com/'.</msg>
<status status="PASS" starttime="20200918 11:33:34.199" endtime="20200918 11:33:40.427"></status>
</kw>
<kw name="Input Text" library="SeleniumLibrary">
<doc>Types the given ``text`` into the text field identified by ``locator``.</doc>
<arguments>
<arg>id:username</arg>
<arg>${Username}</arg>
</arguments>
<msg timestamp="20200918 11:33:40.427" level="INFO">Typing text 'manju.bhoskar@ibm.com.nhstest' into text field 'id:username'.</msg>
<status status="PASS" starttime="20200918 11:33:40.427" endtime="20200918 11:33:40.555"></status>
</kw>
<kw name="Input Text" library="SeleniumLibrary">
<doc>Types the given ``text`` into the text field identified by ``locator``.</doc>
<arguments>
<arg>id:password</arg>
<arg>${Password}</arg>
</arguments>
<msg timestamp="20200918 11:33:40.556" level="INFO">Typing text 'SaveNHS1@123' into text field 'id:password'.</msg>
<status status="PASS" starttime="20200918 11:33:40.555" endtime="20200918 11:33:40.742"></status>
</kw>
<kw name="Click Element" library="SeleniumLibrary">
<doc>Click the element identified by ``locator``.</doc>
<arguments>
<arg>id:Login</arg>
<arg>${ClickLogin}</arg>
</arguments>
<msg timestamp="20200918 11:33:40.742" level="INFO">Clicking element 'id:Login'.</msg>
<status status="PASS" starttime="20200918 11:33:40.742" endtime="20200918 11:33:41.966"></status>
</kw>
<kw name="Set Browser Implicit Wait" library="SeleniumLibrary">
<doc>Sets the implicit wait value used by Selenium.</doc>
<arguments>
<arg>15s</arg>
</arguments>
<status status="PASS" starttime="20200918 11:33:41.967" endtime="20200918 11:33:41.969"></status>
</kw>
<kw name="Get Title" library="SeleniumLibrary">
<doc>Returns the title of the current page.</doc>
<assign>
<var>${Title}</var>
</assign>
<msg timestamp="20200918 11:33:45.655" level="INFO">${Title} = Lightning Experience</msg>
<status status="PASS" starttime="20200918 11:33:41.969" endtime="20200918 11:33:45.655"></status>
</kw>
<kw name="Get Location" library="SeleniumLibrary">
<doc>Returns the current browser window URL.</doc>
<assign>
<var>${new_url}</var>
</assign>
<msg timestamp="20200918 11:33:45.659" level="INFO">${new_url} = https://nhs--nhstest.lightning.force.com/one/one.app</msg>
<status status="PASS" starttime="20200918 11:33:45.655" endtime="20200918 11:33:45.659"></status>
</kw>
<status status="PASS" starttime="20200918 11:33:34.196" endtime="20200918 11:33:45.659"></status>
</kw>
<kw name="Maximize Browser Window" library="SeleniumLibrary">
<doc>Maximizes current browser window.</doc>
<status status="PASS" starttime="20200918 11:33:45.659" endtime="20200918 11:33:46.156"></status>
</kw>
<status status="PASS" starttime="20200918 11:33:34.194" endtime="20200918 11:33:46.156" critical="yes"></status>
</test>
<test id="s1-s2-t2" name="When Click on New Clinical assesment tab">
<kw name="Dropdown Menu Selection" library="AgentAccountLogin">
<kw name="Click Element" library="SeleniumLibrary">
<doc>Click the element identified by ``locator``.</doc>
<arguments>
<arg>${DropdownMenu}</arg>
</arguments>
<msg timestamp="20200918 11:33:46.158" level="INFO">Clicking element 'xpath://button[@title='Show Navigation Menu']'.</msg>
<status status="PASS" starttime="20200918 11:33:46.158" endtime="20200918 11:33:46.232"></status>
</kw>
<status status="PASS" starttime="20200918 11:33:46.157" endtime="20200918 11:33:46.232"></status>
</kw>
<kw name="Start new clinical assessment" library="TestDependencies_Accounts">
<kw name="Set Browser Implicit Wait" library="SeleniumLibrary">
<doc>Sets the implicit wait value used by Selenium.</doc>
<arguments>
<arg>15s</arg>
</arguments>
<status status="PASS" starttime="20200918 11:33:46.233" endtime="20200918 11:33:46.234"></status>
</kw>
<kw name="Wait Until Page Contains Element" library="SeleniumLibrary">
<doc>Waits until the element ``locator`` appears on the current page.</doc>
<arguments>
<arg>${AccountSearch}</arg>
<arg>20s</arg>
</arguments>
<status status="PASS" starttime="20200918 11:33:46.235" endtime="20200918 11:33:48.052"></status>
</kw>
<kw name="Click Element" library="SeleniumLibrary">
<doc>Click the element identified by ``locator``.</doc>
<arguments>
<arg>${AccountSearch1}</arg>
</arguments>
<msg timestamp="20200918 11:33:48.052" level="INFO">Clicking element 'xpath://input[contains(@placeholder,'Search this list...')]'.</msg>
<status status="PASS" starttime="20200918 11:33:48.052" endtime="20200918 11:33:48.230"></status>
</kw>
<kw name="Input Text" library="SeleniumLibrary">
<doc>Types the given ``text`` into the text field identified by ``locator``.</doc>
<arguments>
<arg>${AccountSearch1}</arg>
<arg>${AccountName}</arg>
</arguments>
<msg timestamp="20200918 11:33:48.230" level="INFO">Typing text 'Patricia Ferrari' into text field 'xpath://input[contains(@placeholder,'Search this list...')]'.</msg>
<status status="PASS" starttime="20200918 11:33:48.230" endtime="20200918 11:33:48.323"></status>
</kw>
<kw name="Press Keys" library="SeleniumLibrary">
<doc>Simulates the user pressing key(s) to an element or on the active browser.</doc>
<arguments>
<arg>${AccountSearch1}</arg>
<arg>ENTER</arg>
</arguments>
<msg timestamp="20200918 11:33:48.323" level="INFO">Sending key(s) ('ENTER',) to xpath://input[contains(@placeholder,'Search this list...')] element.</msg>
<msg timestamp="20200918 11:33:48.992" level="INFO">Pressing special key ENTER to element.</msg>
<msg timestamp="20200918 11:33:48.992" level="INFO">Releasing special key ENTER.</msg>
<status status="PASS" starttime="20200918 11:33:48.323" endtime="20200918 11:33:48.998"></status>
</kw>
<kw name="Click Element" library="SeleniumLibrary">
<doc>Click the element identified by ``locator``.</doc>
<arguments>
<arg>${SelectAccountName}</arg>
</arguments>
<msg timestamp="20200918 11:33:48.998" level="INFO">Clicking element 'xpath://a[contains(@title,'Patricia Ferrari')]'.</msg>
<status status="PASS" starttime="20200918 11:33:48.998" endtime="20200918 11:33:49.328"></status>
</kw>
<kw name="Wait Until Page Contains Element" library="SeleniumLibrary">
<doc>Waits until the element ``locator`` appears on the current page.</doc>
<arguments>
<arg>${NewClinicalAssessment}</arg>
<arg>25s</arg>
</arguments>
<status status="PASS" starttime="20200918 11:33:49.328" endtime="20200918 11:33:50.381"></status>
</kw>
<kw name="Click Button" library="SeleniumLibrary">
<doc>Clicks the button identified by ``locator``.</doc>
<arguments>
<arg>${NewClinicalAssessment}</arg>
</arguments>
<msg timestamp="20200918 11:33:50.382" level="INFO">Clicking button 'xpath://button[@name='Account.New_Clinical_Assessment']'.</msg>
<status status="PASS" starttime="20200918 11:33:50.381" endtime="20200918 11:33:50.525"></status>
</kw>
<kw name="Wait Until Page Contains Element" library="SeleniumLibrary">
<doc>Waits until the element ``locator`` appears on the current page.</doc>
<arguments>
<arg>${Next}</arg>
<arg>20s</arg>
</arguments>
<status status="PASS" starttime="20200918 11:33:50.526" endtime="20200918 11:33:52.586"></status>
</kw>
<kw name="Sleep" library="BuiltIn">
<doc>Pauses the test executed for the given time.</doc>
<arguments>
<arg>4s</arg>
</arguments>
<msg timestamp="20200918 11:33:56.588" level="INFO">Slept 4 seconds</msg>
<status status="PASS" starttime="20200918 11:33:52.587" endtime="20200918 11:33:56.588"></status>
</kw>
<kw name="Wait Until Page Contains Element" library="SeleniumLibrary">
<doc>Waits until the element ``locator`` appears on the current page.</doc>
<arguments>
<arg>${CloseWindow}</arg>
<arg>10s</arg>
</arguments>
<status status="PASS" starttime="20200918 11:33:56.588" endtime="20200918 11:33:56.603"></status>
</kw>
<kw name="Click Element" library="SeleniumLibrary">
<doc>Click the element identified by ``locator``.</doc>
<arguments>
<arg>${CloseWindow}</arg>
</arguments>
<msg timestamp="20200918 11:33:56.603" level="INFO">Clicking element 'xpath://button[contains(@title, 'Close this window')]'.</msg>
<status status="PASS" starttime="20200918 11:33:56.603" endtime="20200918 11:33:56.660"></status>
</kw>
<kw name="Sleep" library="BuiltIn">
<doc>Pauses the test executed for the given time.</doc>
<arguments>
<arg>4s</arg>
</arguments>
<msg timestamp="20200918 11:34:00.662" level="INFO">Slept 4 seconds</msg>
<status status="PASS" starttime="20200918 11:33:56.660" endtime="20200918 11:34:00.662"></status>
</kw>
<kw name="Wait Until Page Contains Element" library="SeleniumLibrary">
<doc>Waits until the element ``locator`` appears on the current page.</doc>
<arguments>
<arg>${clickopenedAccount}</arg>
<arg>25s</arg>
</arguments>
<status status="PASS" starttime="20200918 11:34:00.662" endtime="20200918 11:34:00.674"></status>
</kw>
<kw name="Sleep" library="BuiltIn">
<doc>Pauses the test executed for the given time.</doc>
<arguments>
<arg>2s</arg>
</arguments>
<msg timestamp="20200918 11:34:02.676" level="INFO">Slept 2 seconds</msg>
<status status="PASS" starttime="20200918 11:34:00.674" endtime="20200918 11:34:02.676"></status>
</kw>
<kw name="Click Element" library="SeleniumLibrary">
<doc>Click the element identified by ``locator``.</doc>
<arguments>
<arg>${clickopenedAccount}</arg>
</arguments>
<msg timestamp="20200918 11:34:02.677" level="INFO">Clicking element 'xpath://button[contains(@title,'Close Patricia Ferrari')]'.</msg>
<status status="PASS" starttime="20200918 11:34:02.677" endtime="20200918 11:34:02.747"></status>
</kw>
<status status="PASS" starttime="20200918 11:33:46.232" endtime="20200918 11:34:02.747"></status>
</kw>
<status status="PASS" starttime="20200918 11:33:46.157" endtime="20200918 11:34:02.747" critical="yes"></status>
</test>
<test id="s1-s2-t3" name="Then Agent Logs out">
<kw name="Agent Logout" library="Logout">
<kw name="Wait Until Element Is Enabled" library="SeleniumLibrary">
<doc>Waits until the element ``locator`` is enabled.</doc>
<arguments>
<arg>${clickprofile}</arg>
<arg>10s</arg>
</arguments>
<status status="PASS" starttime="20200918 11:34:02.749" endtime="20200918 11:34:02.778"></status>
</kw>
<kw name="Click Element" library="SeleniumLibrary">
<doc>Click the element identified by ``locator``.</doc>
<arguments>
<arg>${clickprofile}</arg>
</arguments>
<msg timestamp="20200918 11:34:02.778" level="INFO">Clicking element 'xpath://span[contains(@class,'uiImage')]'.</msg>
<status status="PASS" starttime="20200918 11:34:02.778" endtime="20200918 11:34:02.870"></status>
</kw>
<kw name="Click Element" library="SeleniumLibrary">
<doc>Click the element identified by ``locator``.</doc>
<arguments>
<arg>${ClickLogout}</arg>
</arguments>
<msg timestamp="20200918 11:34:02.871" level="INFO">Clicking element 'xpath://a[contains(@class,'profile-link-label logout uiOutputURL')]'.</msg>
<status status="PASS" starttime="20200918 11:34:02.871" endtime="20200918 11:34:03.375"></status>
</kw>
<status status="PASS" starttime="20200918 11:34:02.748" endtime="20200918 11:34:03.376"></status>
</kw>
<status status="PASS" starttime="20200918 11:34:02.748" endtime="20200918 11:34:03.376" critical="yes"></status>
</test>
<test id="s1-s2-t4" name="[Teardown]">
<kw name="Close Window" library="SeleniumLibrary">
<doc>Closes currently opened and selected browser window/tab.</doc>
<status status="PASS" starttime="20200918 11:34:03.377" endtime="20200918 11:34:03.637"></status>
</kw>
<status status="PASS" starttime="20200918 11:34:03.376" endtime="20200918 11:34:03.638" critical="yes"></status>
</test>
<status status="PASS" starttime="20200918 11:33:34.177" endtime="20200918 11:34:03.639"></status>
</suite>
<suite id="s1-s3" name="SMK 04 New Household Member Agent" source="/Users/swapnapanthangi/Robot_Automation_Test/TestSuite/SmokeTest/SMK_04_New_Household_Member_Agent.robot">
<test id="s1-s3-t1" name="Given Agent Logs in">
<kw name="Open Login Page" library="AgentAccount1Login">
<kw name="Evaluate" library="BuiltIn">
<doc>Evaluates the given expression in Python and returns the result.</doc>
<arguments>
<arg>sys.modules['selenium.webdriver.chrome.options'].Options()</arg>
<arg>sys</arg>
</arguments>
<assign>
<var>${options}</var>
</assign>
<msg timestamp="20200918 11:34:03.655" level="INFO">${options} = &lt;selenium.webdriver.chrome.options.Options object at 0x109ecaf10&gt;</msg>
<status status="PASS" starttime="20200918 11:34:03.655" endtime="20200918 11:34:03.655"></status>
</kw>
<kw name="Call Method" library="BuiltIn">
<doc>Calls the named method of the given object with the provided arguments.</doc>
<arguments>
<arg>${options}</arg>
<arg>add_argument</arg>
<arg>--disable-notifications</arg>
</arguments>
<status status="PASS" starttime="20200918 11:34:03.655" endtime="20200918 11:34:03.656"></status>
</kw>
<kw name="Open Browser" library="SeleniumLibrary">
<doc>Opens a new browser instance to the optional ``url``.</doc>
<arguments>
<arg>${SITEURL}</arg>
<arg>${browser}</arg>
<arg>options=${options}</arg>
</arguments>
<msg timestamp="20200918 11:34:03.656" level="INFO">Opening browser 'chrome' to base url 'https://nhs--nhstest.my.salesforce.com/'.</msg>
<status status="PASS" starttime="20200918 11:34:03.656" endtime="20200918 11:34:08.634"></status>
</kw>
<kw name="Input Text" library="SeleniumLibrary">
<doc>Types the given ``text`` into the text field identified by ``locator``.</doc>
<arguments>
<arg>id:username</arg>
<arg>${Username}</arg>
</arguments>
<msg timestamp="20200918 11:34:08.634" level="INFO">Typing text 'geetha.karthick-cic-uk@ibm.com.nhstest' into text field 'id:username'.</msg>
<status status="PASS" starttime="20200918 11:34:08.634" endtime="20200918 11:34:08.821"></status>
</kw>
<kw name="Input Text" library="SeleniumLibrary">
<doc>Types the given ``text`` into the text field identified by ``locator``.</doc>
<arguments>
<arg>id:password</arg>
<arg>${Password}</arg>
</arguments>
<msg timestamp="20200918 11:34:08.822" level="INFO">Typing text 'Remote01022019#' into text field 'id:password'.</msg>
<status status="PASS" starttime="20200918 11:34:08.822" endtime="20200918 11:34:08.943"></status>
</kw>
<kw name="Click Element" library="SeleniumLibrary">
<doc>Click the element identified by ``locator``.</doc>
<arguments>
<arg>id:Login</arg>
<arg>${ClickLogin}</arg>
</arguments>
<msg timestamp="20200918 11:34:08.944" level="INFO">Clicking element 'id:Login'.</msg>
<status status="PASS" starttime="20200918 11:34:08.944" endtime="20200918 11:34:10.424"></status>
</kw>
<kw name="Set Browser Implicit Wait" library="SeleniumLibrary">
<doc>Sets the implicit wait value used by Selenium.</doc>
<arguments>
<arg>15s</arg>
</arguments>
<status status="PASS" starttime="20200918 11:34:10.425" endtime="20200918 11:34:10.426"></status>
</kw>
<kw name="Get Title" library="SeleniumLibrary">
<doc>Returns the title of the current page.</doc>
<assign>
<var>${Title}</var>
</assign>
<msg timestamp="20200918 11:34:14.394" level="INFO">${Title} = Lightning Experience</msg>
<status status="PASS" starttime="20200918 11:34:10.426" endtime="20200918 11:34:14.394"></status>
</kw>
<kw name="Get Location" library="SeleniumLibrary">
<doc>Returns the current browser window URL.</doc>
<assign>
<var>${new_url}</var>
</assign>
<msg timestamp="20200918 11:34:14.398" level="INFO">${new_url} = https://nhs--nhstest.lightning.force.com/one/one.app</msg>
<status status="PASS" starttime="20200918 11:34:14.394" endtime="20200918 11:34:14.398"></status>
</kw>
<status status="PASS" starttime="20200918 11:34:03.654" endtime="20200918 11:34:14.398"></status>
</kw>
<kw name="Maximize Browser Window" library="SeleniumLibrary">
<doc>Maximizes current browser window.</doc>
<status status="PASS" starttime="20200918 11:34:14.398" endtime="20200918 11:34:14.932"></status>
</kw>
<status status="PASS" starttime="20200918 11:34:03.654" endtime="20200918 11:34:14.932" critical="yes"></status>
</test>
<test id="s1-s3-t2" name="When Click on New Household Member tab">
<kw name="Dropdown Menu Selection" library="AgentAccount1Login">
<kw name="Click Element" library="SeleniumLibrary">
<doc>Click the element identified by ``locator``.</doc>
<arguments>
<arg>${DropdownMenu}</arg>
</arguments>
<msg timestamp="20200918 11:34:14.934" level="INFO">Clicking element 'xpath://button[@title='Show Navigation Menu']'.</msg>
<status status="PASS" starttime="20200918 11:34:14.934" endtime="20200918 11:34:15.006"></status>
</kw>
<status status="PASS" starttime="20200918 11:34:14.934" endtime="20200918 11:34:15.006"></status>
</kw>
<kw name="Account Dropdown Selection" library="TestDependencies_Accounts">
<kw name="Set Browser Implicit Wait" library="SeleniumLibrary">
<doc>Sets the implicit wait value used by Selenium.</doc>
<arguments>
<arg>15s</arg>
</arguments>
<status status="PASS" starttime="20200918 11:34:15.007" endtime="20200918 11:34:15.009"></status>
</kw>
<kw name="Wait Until Page Contains Element" library="SeleniumLibrary">
<doc>Waits until the element ``locator`` appears on the current page.</doc>
<arguments>
<arg>${AccountSearch}</arg>
<arg>30s</arg>
</arguments>
<status status="PASS" starttime="20200918 11:34:15.009" endtime="20200918 11:34:15.780"></status>
</kw>
<kw name="Click Element" library="SeleniumLibrary">
<doc>Click the element identified by ``locator``.</doc>
<arguments>
<arg>${AccountSearch1}</arg>
</arguments>
<msg timestamp="20200918 11:34:15.780" level="INFO">Clicking element 'xpath://input[contains(@placeholder,'Search this list...')]'.</msg>
<status status="PASS" starttime="20200918 11:34:15.780" endtime="20200918 11:34:15.941"></status>
</kw>
<kw name="Input Text" library="SeleniumLibrary">
<doc>Types the given ``text`` into the text field identified by ``locator``.</doc>
<arguments>
<arg>${AccountSearch1}</arg>
<arg>${AccountName}</arg>
</arguments>
<msg timestamp="20200918 11:34:15.941" level="INFO">Typing text 'Patricia Ferrari' into text field 'xpath://input[contains(@placeholder,'Search this list...')]'.</msg>
<status status="PASS" starttime="20200918 11:34:15.941" endtime="20200918 11:34:16.640"></status>
</kw>
<kw name="Press Keys" library="SeleniumLibrary">
<doc>Simulates the user pressing key(s) to an element or on the active browser.</doc>
<arguments>
<arg>${AccountSearch1}</arg>
<arg>ENTER</arg>
</arguments>
<msg timestamp="20200918 11:34:16.641" level="INFO">Sending key(s) ('ENTER',) to xpath://input[contains(@placeholder,'Search this list...')] element.</msg>
<msg timestamp="20200918 11:34:16.920" level="INFO">Pressing special key ENTER to element.</msg>
<msg timestamp="20200918 11:34:16.920" level="INFO">Releasing special key ENTER.</msg>
<status status="PASS" starttime="20200918 11:34:16.640" endtime="20200918 11:34:17.104"></status>
</kw>
<kw name="Click Element" library="SeleniumLibrary">
<doc>Click the element identified by ``locator``.</doc>
<arguments>
<arg>${SelectAccountName}</arg>
</arguments>
<msg timestamp="20200918 11:34:17.104" level="INFO">Clicking element 'xpath://a[contains(@title,'Patricia Ferrari')]'.</msg>
<status status="PASS" starttime="20200918 11:34:17.104" endtime="20200918 11:34:17.722"></status>
</kw>
<status status="PASS" starttime="20200918 11:34:15.006" endtime="20200918 11:34:17.722"></status>
</kw>
<status status="PASS" starttime="20200918 11:34:14.933" endtime="20200918 11:34:17.722" critical="yes"></status>
</test>
<test id="s1-s3-t3" name="New Household Member page loads">
<kw name="NewHousehold Pageload" library="TestDependencies_Accounts">
<kw name="Set Browser Implicit Wait" library="SeleniumLibrary">
<doc>Sets the implicit wait value used by Selenium.</doc>
<arguments>
<arg>15s</arg>
</arguments>
<status status="PASS" starttime="20200918 11:34:17.723" endtime="20200918 11:34:17.724"></status>
</kw>
<kw name="Wait Until Page Contains Element" library="SeleniumLibrary">
<doc>Waits until the element ``locator`` appears on the current page.</doc>
<arguments>
<arg>${SelectNewHouseholdMember}</arg>
<arg>30s</arg>
</arguments>
<status status="PASS" starttime="20200918 11:34:17.724" endtime="20200918 11:34:19.777"></status>
</kw>
<kw name="Click Element" library="SeleniumLibrary">
<doc>Click the element identified by ``locator``.</doc>
<arguments>
<arg>${SelectNewHouseholdMember}</arg>
</arguments>
<msg timestamp="20200918 11:34:19.777" level="INFO">Clicking element 'xpath://button[contains(@name,'Account.Create_Household_Member')]'.</msg>
<status status="PASS" starttime="20200918 11:34:19.777" endtime="20200918 11:34:19.908"></status>
</kw>
<kw name="Sleep" library="BuiltIn">
<doc>Pauses the test executed for the given time.</doc>
<arguments>
<arg>4s</arg>
</arguments>
<msg timestamp="20200918 11:34:23.910" level="INFO">Slept 4 seconds</msg>
<status status="PASS" starttime="20200918 11:34:19.909" endtime="20200918 11:34:23.910"></status>
</kw>
<kw name="Wait Until Page Contains Element" library="SeleniumLibrary">
<doc>Waits until the element ``locator`` appears on the current page.</doc>
<arguments>
<arg>${CloseWindow}</arg>
<arg>25s</arg>
</arguments>
<status status="PASS" starttime="20200918 11:34:23.910" endtime="20200918 11:34:23.923"></status>
</kw>
<kw name="Click Element" library="SeleniumLibrary">
<doc>Click the element identified by ``locator``.</doc>
<arguments>
<arg>${CloseWindow}</arg>
</arguments>
<msg timestamp="20200918 11:34:23.924" level="INFO">Clicking element 'xpath://button[contains(@title, 'Close this window')]'.</msg>
<status status="PASS" starttime="20200918 11:34:23.923" endtime="20200918 11:34:23.977"></status>
</kw>
<kw name="Sleep" library="BuiltIn">
<doc>Pauses the test executed for the given time.</doc>
<arguments>
<arg>4s</arg>
</arguments>
<msg timestamp="20200918 11:34:27.978" level="INFO">Slept 4 seconds</msg>
<status status="PASS" starttime="20200918 11:34:23.977" endtime="20200918 11:34:27.978"></status>
</kw>
<kw name="Wait Until Page Contains Element" library="SeleniumLibrary">
<doc>Waits until the element ``locator`` appears on the current page.</doc>
<arguments>
<arg>${clickopenedAccount}</arg>
<arg>25s</arg>
</arguments>
<status status="PASS" starttime="20200918 11:34:27.978" endtime="20200918 11:34:27.988"></status>
</kw>
<kw name="Sleep" library="BuiltIn">
<doc>Pauses the test executed for the given time.</doc>
<arguments>
<arg>2s</arg>
</arguments>
<msg timestamp="20200918 11:34:29.990" level="INFO">Slept 2 seconds</msg>
<status status="PASS" starttime="20200918 11:34:27.988" endtime="20200918 11:34:29.990"></status>
</kw>
<kw name="Click Element" library="SeleniumLibrary">
<doc>Click the element identified by ``locator``.</doc>
<arguments>
<arg>${clickopenedAccount}</arg>
</arguments>
<msg timestamp="20200918 11:34:29.990" level="INFO">Clicking element 'xpath://button[contains(@title,'Close Patricia Ferrari')]'.</msg>
<status status="PASS" starttime="20200918 11:34:29.990" endtime="20200918 11:34:30.064"></status>
</kw>
<status status="PASS" starttime="20200918 11:34:17.723" endtime="20200918 11:34:30.064"></status>
</kw>
<status status="PASS" starttime="20200918 11:34:17.722" endtime="20200918 11:34:30.064" critical="yes"></status>
</test>
<test id="s1-s3-t4" name="Then Agent Logs out">
<kw name="Agent Logout" library="Logout">
<kw name="Wait Until Element Is Enabled" library="SeleniumLibrary">
<doc>Waits until the element ``locator`` is enabled.</doc>
<arguments>
<arg>${clickprofile}</arg>
<arg>10s</arg>
</arguments>
<status status="PASS" starttime="20200918 11:34:30.066" endtime="20200918 11:34:30.092"></status>
</kw>
<kw name="Click Element" library="SeleniumLibrary">
<doc>Click the element identified by ``locator``.</doc>
<arguments>
<arg>${clickprofile}</arg>
</arguments>
<msg timestamp="20200918 11:34:30.092" level="INFO">Clicking element 'xpath://span[contains(@class,'uiImage')]'.</msg>
<status status="PASS" starttime="20200918 11:34:30.092" endtime="20200918 11:34:30.184"></status>
</kw>
<kw name="Click Element" library="SeleniumLibrary">
<doc>Click the element identified by ``locator``.</doc>
<arguments>
<arg>${ClickLogout}</arg>
</arguments>
<msg timestamp="20200918 11:34:30.184" level="INFO">Clicking element 'xpath://a[contains(@class,'profile-link-label logout uiOutputURL')]'.</msg>
<status status="PASS" starttime="20200918 11:34:30.184" endtime="20200918 11:34:30.663"></status>
</kw>
<status status="PASS" starttime="20200918 11:34:30.065" endtime="20200918 11:34:30.663"></status>
</kw>
<status status="PASS" starttime="20200918 11:34:30.065" endtime="20200918 11:34:30.663" critical="yes"></status>
</test>
<test id="s1-s3-t5" name="[Teardown]">
<kw name="Close Window" library="SeleniumLibrary">
<doc>Closes currently opened and selected browser window/tab.</doc>
<status status="PASS" starttime="20200918 11:34:30.665" endtime="20200918 11:34:30.950"></status>
</kw>
<status status="PASS" starttime="20200918 11:34:30.664" endtime="20200918 11:34:30.950" critical="yes"></status>
</test>
<status status="PASS" starttime="20200918 11:34:03.643" endtime="20200918 11:34:30.952"></status>
</suite>
<suite id="s1-s4" name="SMK 05 New Encounter Agent" source="/Users/swapnapanthangi/Robot_Automation_Test/TestSuite/SmokeTest/SMK_05_New_Encounter_Agent.robot">
<test id="s1-s4-t1" name="Given Agent Logs in">
<kw name="Open Login Page" library="AgentAccount1Login">
<kw name="Evaluate" library="BuiltIn">
<doc>Evaluates the given expression in Python and returns the result.</doc>
<arguments>
<arg>sys.modules['selenium.webdriver.chrome.options'].Options()</arg>
<arg>sys</arg>
</arguments>
<assign>
<var>${options}</var>
</assign>
<msg timestamp="20200918 11:34:30.964" level="INFO">${options} = &lt;selenium.webdriver.chrome.options.Options object at 0x109f13340&gt;</msg>
<status status="PASS" starttime="20200918 11:34:30.964" endtime="20200918 11:34:30.965"></status>
</kw>
<kw name="Call Method" library="BuiltIn">
<doc>Calls the named method of the given object with the provided arguments.</doc>
<arguments>
<arg>${options}</arg>
<arg>add_argument</arg>
<arg>--disable-notifications</arg>
</arguments>
<status status="PASS" starttime="20200918 11:34:30.965" endtime="20200918 11:34:30.965"></status>
</kw>
<kw name="Open Browser" library="SeleniumLibrary">
<doc>Opens a new browser instance to the optional ``url``.</doc>
<arguments>
<arg>${SITEURL}</arg>
<arg>${browser}</arg>
<arg>options=${options}</arg>
</arguments>
<msg timestamp="20200918 11:34:30.966" level="INFO">Opening browser 'chrome' to base url 'https://nhs--nhstest.my.salesforce.com/'.</msg>
<status status="PASS" starttime="20200918 11:34:30.965" endtime="20200918 11:34:34.852"></status>
</kw>
<kw name="Input Text" library="SeleniumLibrary">
<doc>Types the given ``text`` into the text field identified by ``locator``.</doc>
<arguments>
<arg>id:username</arg>
<arg>${Username}</arg>
</arguments>
<msg timestamp="20200918 11:34:34.853" level="INFO">Typing text 'geetha.karthick-cic-uk@ibm.com.nhstest' into text field 'id:username'.</msg>
<status status="PASS" starttime="20200918 11:34:34.853" endtime="20200918 11:34:35.047"></status>
</kw>
<kw name="Input Text" library="SeleniumLibrary">
<doc>Types the given ``text`` into the text field identified by ``locator``.</doc>
<arguments>
<arg>id:password</arg>
<arg>${Password}</arg>
</arguments>
<msg timestamp="20200918 11:34:35.048" level="INFO">Typing text 'Remote01022019#' into text field 'id:password'.</msg>
<status status="PASS" starttime="20200918 11:34:35.048" endtime="20200918 11:34:35.144"></status>
</kw>
<kw name="Click Element" library="SeleniumLibrary">
<doc>Click the element identified by ``locator``.</doc>
<arguments>
<arg>id:Login</arg>
<arg>${ClickLogin}</arg>
</arguments>
<msg timestamp="20200918 11:34:35.144" level="INFO">Clicking element 'id:Login'.</msg>
<status status="PASS" starttime="20200918 11:34:35.144" endtime="20200918 11:34:37.360"></status>
</kw>
<kw name="Set Browser Implicit Wait" library="SeleniumLibrary">
<doc>Sets the implicit wait value used by Selenium.</doc>
<arguments>
<arg>15s</arg>
</arguments>
<status status="PASS" starttime="20200918 11:34:37.360" endtime="20200918 11:34:37.362"></status>
</kw>
<kw name="Get Title" library="SeleniumLibrary">
<doc>Returns the title of the current page.</doc>
<assign>
<var>${Title}</var>
</assign>
<msg timestamp="20200918 11:34:41.854" level="INFO">${Title} = Lightning Experience</msg>
<status status="PASS" starttime="20200918 11:34:37.362" endtime="20200918 11:34:41.854"></status>
</kw>
<kw name="Get Location" library="SeleniumLibrary">
<doc>Returns the current browser window URL.</doc>
<assign>
<var>${new_url}</var>
</assign>
<msg timestamp="20200918 11:34:41.858" level="INFO">${new_url} = https://nhs--nhstest.lightning.force.com/one/one.app</msg>
<status status="PASS" starttime="20200918 11:34:41.854" endtime="20200918 11:34:41.858"></status>
</kw>
<status status="PASS" starttime="20200918 11:34:30.963" endtime="20200918 11:34:41.859"></status>
</kw>
<kw name="Maximize Browser Window" library="SeleniumLibrary">
<doc>Maximizes current browser window.</doc>
<status status="PASS" starttime="20200918 11:34:41.859" endtime="20200918 11:34:42.477"></status>
</kw>
<status status="PASS" starttime="20200918 11:34:30.962" endtime="20200918 11:34:42.477" critical="yes"></status>
</test>
<test id="s1-s4-t2" name="When Click on New Household Member tab">
<kw name="Dropdown Menu Selection" library="AgentAccount1Login">
<kw name="Click Element" library="SeleniumLibrary">
<doc>Click the element identified by ``locator``.</doc>
<arguments>
<arg>${DropdownMenu}</arg>
</arguments>
<msg timestamp="20200918 11:34:42.479" level="INFO">Clicking element 'xpath://button[@title='Show Navigation Menu']'.</msg>
<status status="PASS" starttime="20200918 11:34:42.479" endtime="20200918 11:34:42.539"></status>
</kw>
<status status="PASS" starttime="20200918 11:34:42.478" endtime="20200918 11:34:42.539"></status>
</kw>
<kw name="Account Dropdown Selection" library="TestDependencies_Accounts">
<kw name="Set Browser Implicit Wait" library="SeleniumLibrary">
<doc>Sets the implicit wait value used by Selenium.</doc>
<arguments>
<arg>15s</arg>
</arguments>
<status status="PASS" starttime="20200918 11:34:42.540" endtime="20200918 11:34:42.541"></status>
</kw>
<kw name="Wait Until Page Contains Element" library="SeleniumLibrary">
<doc>Waits until the element ``locator`` appears on the current page.</doc>
<arguments>
<arg>${AccountSearch}</arg>
<arg>30s</arg>
</arguments>
<status status="PASS" starttime="20200918 11:34:42.541" endtime="20200918 11:34:43.279"></status>
</kw>
<kw name="Click Element" library="SeleniumLibrary">
<doc>Click the element identified by ``locator``.</doc>
<arguments>
<arg>${AccountSearch1}</arg>
</arguments>
<msg timestamp="20200918 11:34:43.280" level="INFO">Clicking element 'xpath://input[contains(@placeholder,'Search this list...')]'.</msg>
<status status="PASS" starttime="20200918 11:34:43.280" endtime="20200918 11:34:43.628"></status>
</kw>
<kw name="Input Text" library="SeleniumLibrary">
<doc>Types the given ``text`` into the text field identified by ``locator``.</doc>
<arguments>
<arg>${AccountSearch1}</arg>
<arg>${AccountName}</arg>
</arguments>
<msg timestamp="20200918 11:34:43.629" level="INFO">Typing text 'Patricia Ferrari' into text field 'xpath://input[contains(@placeholder,'Search this list...')]'.</msg>
<status status="PASS" starttime="20200918 11:34:43.628" endtime="20200918 11:34:44.056"></status>
</kw>
<kw name="Press Keys" library="SeleniumLibrary">
<doc>Simulates the user pressing key(s) to an element or on the active browser.</doc>
<arguments>
<arg>${AccountSearch1}</arg>
<arg>ENTER</arg>
</arguments>
<msg timestamp="20200918 11:34:44.057" level="INFO">Sending key(s) ('ENTER',) to xpath://input[contains(@placeholder,'Search this list...')] element.</msg>
<msg timestamp="20200918 11:34:44.379" level="INFO">Pressing special key ENTER to element.</msg>
<msg timestamp="20200918 11:34:44.379" level="INFO">Releasing special key ENTER.</msg>
<status status="PASS" starttime="20200918 11:34:44.056" endtime="20200918 11:34:44.493"></status>
</kw>
<kw name="Click Element" library="SeleniumLibrary">
<doc>Click the element identified by ``locator``.</doc>
<arguments>
<arg>${SelectAccountName}</arg>
</arguments>
<msg timestamp="20200918 11:34:44.493" level="INFO">Clicking element 'xpath://a[contains(@title,'Patricia Ferrari')]'.</msg>
<status status="PASS" starttime="20200918 11:34:44.493" endtime="20200918 11:34:45.344"></status>
</kw>
<status status="PASS" starttime="20200918 11:34:42.540" endtime="20200918 11:34:45.344"></status>
</kw>
<status status="PASS" starttime="20200918 11:34:42.478" endtime="20200918 11:34:45.345" critical="yes"></status>
</test>
<test id="s1-s4-t3" name="New Encounter page loads">
<kw name="NewEncounter Pageload" library="TestDependencies_Accounts">
<kw name="Set Browser Implicit Wait" library="SeleniumLibrary">
<doc>Sets the implicit wait value used by Selenium.</doc>
<arguments>
<arg>15s</arg>
</arguments>
<status status="PASS" starttime="20200918 11:34:45.346" endtime="20200918 11:34:45.347"></status>
</kw>
<kw name="Wait Until Page Contains Element" library="SeleniumLibrary">
<doc>Waits until the element ``locator`` appears on the current page.</doc>
<arguments>
<arg>${SelectNewEncounter}</arg>
<arg>30s</arg>
</arguments>
<status status="PASS" starttime="20200918 11:34:45.347" endtime="20200918 11:34:47.974"></status>
</kw>
<kw name="Click Element" library="SeleniumLibrary">
<doc>Click the element identified by ``locator``.</doc>
<arguments>
<arg>${SelectNewEncounter}</arg>
</arguments>
<msg timestamp="20200918 11:34:47.974" level="INFO">Clicking element 'xpath://button[contains(@name,'Account.New_Contact_Encounter')]'.</msg>
<status status="PASS" starttime="20200918 11:34:47.974" endtime="20200918 11:34:48.071"></status>
</kw>
<kw name="Sleep" library="BuiltIn">
<doc>Pauses the test executed for the given time.</doc>
<arguments>
<arg>4s</arg>
</arguments>
<msg timestamp="20200918 11:34:52.073" level="INFO">Slept 4 seconds</msg>
<status status="PASS" starttime="20200918 11:34:48.071" endtime="20200918 11:34:52.073"></status>
</kw>
<kw name="Wait Until Page Contains Element" library="SeleniumLibrary">
<doc>Waits until the element ``locator`` appears on the current page.</doc>
<arguments>
<arg>${CloseWindow}</arg>
<arg>25s</arg>
</arguments>
<status status="PASS" starttime="20200918 11:34:52.073" endtime="20200918 11:34:52.086"></status>
</kw>
<kw name="Click Element" library="SeleniumLibrary">
<doc>Click the element identified by ``locator``.</doc>
<arguments>
<arg>${CloseWindow}</arg>
</arguments>
<msg timestamp="20200918 11:34:52.086" level="INFO">Clicking element 'xpath://button[contains(@title, 'Close this window')]'.</msg>
<status status="PASS" starttime="20200918 11:34:52.086" endtime="20200918 11:34:52.138"></status>
</kw>
<kw name="Sleep" library="BuiltIn">
<doc>Pauses the test executed for the given time.</doc>
<arguments>
<arg>4s</arg>
</arguments>
<msg timestamp="20200918 11:34:56.139" level="INFO">Slept 4 seconds</msg>
<status status="PASS" starttime="20200918 11:34:52.139" endtime="20200918 11:34:56.139"></status>
</kw>
<kw name="Wait Until Page Contains Element" library="SeleniumLibrary">
<doc>Waits until the element ``locator`` appears on the current page.</doc>
<arguments>
<arg>${clickopenedAccount}</arg>
<arg>25s</arg>
</arguments>
<status status="PASS" starttime="20200918 11:34:56.139" endtime="20200918 11:34:56.153"></status>
</kw>
<kw name="Sleep" library="BuiltIn">
<doc>Pauses the test executed for the given time.</doc>
<arguments>
<arg>2s</arg>
</arguments>
<msg timestamp="20200918 11:34:58.155" level="INFO">Slept 2 seconds</msg>
<status status="PASS" starttime="20200918 11:34:56.153" endtime="20200918 11:34:58.155"></status>
</kw>
<kw name="Click Element" library="SeleniumLibrary">
<doc>Click the element identified by ``locator``.</doc>
<arguments>
<arg>${clickopenedAccount}</arg>
</arguments>
<msg timestamp="20200918 11:34:58.156" level="INFO">Clicking element 'xpath://button[contains(@title,'Close Patricia Ferrari')]'.</msg>
<status status="PASS" starttime="20200918 11:34:58.155" endtime="20200918 11:34:58.227"></status>
</kw>
<status status="PASS" starttime="20200918 11:34:45.346" endtime="20200918 11:34:58.228"></status>
</kw>
<status status="PASS" starttime="20200918 11:34:45.345" endtime="20200918 11:34:58.228" critical="yes"></status>
</test>
<test id="s1-s4-t4" name="Then Agent Logs out">
<kw name="Agent Logout" library="Logout">
<kw name="Wait Until Element Is Enabled" library="SeleniumLibrary">
<doc>Waits until the element ``locator`` is enabled.</doc>
<arguments>
<arg>${clickprofile}</arg>
<arg>10s</arg>
</arguments>
<status status="PASS" starttime="20200918 11:34:58.229" endtime="20200918 11:34:58.258"></status>
</kw>
<kw name="Click Element" library="SeleniumLibrary">
<doc>Click the element identified by ``locator``.</doc>
<arguments>
<arg>${clickprofile}</arg>
</arguments>
<msg timestamp="20200918 11:34:58.259" level="INFO">Clicking element 'xpath://span[contains(@class,'uiImage')]'.</msg>
<status status="PASS" starttime="20200918 11:34:58.259" endtime="20200918 11:34:58.344"></status>
</kw>
<kw name="Click Element" library="SeleniumLibrary">
<doc>Click the element identified by ``locator``.</doc>
<arguments>
<arg>${ClickLogout}</arg>
</arguments>
<msg timestamp="20200918 11:34:58.345" level="INFO">Clicking element 'xpath://a[contains(@class,'profile-link-label logout uiOutputURL')]'.</msg>
<status status="PASS" starttime="20200918 11:34:58.345" endtime="20200918 11:34:58.760"></status>
</kw>
<status status="PASS" starttime="20200918 11:34:58.229" endtime="20200918 11:34:58.760"></status>
</kw>
<status status="PASS" starttime="20200918 11:34:58.228" endtime="20200918 11:34:58.761" critical="yes"></status>
</test>
<test id="s1-s4-t5" name="[Teardown]">
<kw name="Close Window" library="SeleniumLibrary">
<doc>Closes currently opened and selected browser window/tab.</doc>
<status status="PASS" starttime="20200918 11:34:58.762" endtime="20200918 11:34:59.104"></status>
</kw>
<status status="PASS" starttime="20200918 11:34:58.761" endtime="20200918 11:34:59.105" critical="yes"></status>
</test>
<status status="PASS" starttime="20200918 11:34:30.956" endtime="20200918 11:34:59.106"></status>
</suite>
<status status="PASS" starttime="20200918 11:33:01.920" endtime="20200918 11:34:59.111"></status>
</suite>
<statistics>
<total>
<stat pass="18" fail="0">Critical Tests</stat>
<stat pass="18" fail="0">All Tests</stat>
</total>
<tag>
</tag>
<suite>
<stat pass="18" fail="0" id="s1" name="SMK 02 Contact Tracing Agent &amp; SMK 03 Clinical Assessment Agent &amp; SMK 04 New Household Member Agent &amp; SMK 05 New Encounter Agent">SMK 02 Contact Tracing Agent &amp; SMK 03 Clinical Assessment Agent &amp; SMK 04 New Household Member Agent &amp; SMK 05 New Encounter Agent</stat>
<stat pass="4" fail="0" id="s1-s1" name="SMK 02 Contact Tracing Agent">SMK 02 Contact Tracing Agent &amp; SMK 03 Clinical Assessment Agent &amp; SMK 04 New Household Member Agent &amp; SMK 05 New Encounter Agent.SMK 02 Contact Tracing Agent</stat>
<stat pass="4" fail="0" id="s1-s2" name="SMK 03 Clinical Assessment Agent">SMK 02 Contact Tracing Agent &amp; SMK 03 Clinical Assessment Agent &amp; SMK 04 New Household Member Agent &amp; SMK 05 New Encounter Agent.SMK 03 Clinical Assessment Agent</stat>
<stat pass="5" fail="0" id="s1-s3" name="SMK 04 New Household Member Agent">SMK 02 Contact Tracing Agent &amp; SMK 03 Clinical Assessment Agent &amp; SMK 04 New Household Member Agent &amp; SMK 05 New Encounter Agent.SMK 04 New Household Member Agent</stat>
<stat pass="5" fail="0" id="s1-s4" name="SMK 05 New Encounter Agent">SMK 02 Contact Tracing Agent &amp; SMK 03 Clinical Assessment Agent &amp; SMK 04 New Household Member Agent &amp; SMK 05 New Encounter Agent.SMK 05 New Encounter Agent</stat>
</suite>
</statistics>
<errors>
</errors>
</robot>
